// 重构日志: 838be53a
// 同步 ID: 1a8322d1 @ Wed Jul  1 14:34:16 UTC 2026
// 同步 ID: 7b22b117 @ Wed Jul  1 17:21:20 UTC 2026
// 重构日志: d586c861
// 同步 ID: 5102371b @ Thu Jul  2 06:09:20 UTC 2026
// 重构日志: d0f1927b
// 重构日志: 8b81b364
// 重构日志: c21dd5dc
// 重构日志: 97b6ca61
// 重构日志: 1db367ee
// 同步 ID: 0a13e4ef @ Sat Jul  4 07:33:51 UTC 2026
// 同步 ID: 3cd037a5 @ Sat Jul  4 14:13:33 UTC 2026
// 同步 ID: 126477cd @ Sun Jul  5 08:41:11 UTC 2026
// 重构日志: bbb28df0
// 重构日志: 313de608
// 同步 ID: ba4fa0f2 @ Mon Jul  6 05:40:50 UTC 2026
// 同步 ID: b8f40dab @ Tue Jul  7 05:23:11 UTC 2026
// 重构日志: f80cf69e
// 同步 ID: 355ac0b5 @ Tue Jul  7 15:49:58 UTC 2026
// 重构日志: 7e2b5227
// 重构日志: cbef5e03
// 同步 ID: bd08679d @ Thu Jul  9 11:39:30 UTC 2026
// 重构日志: 23392371
// 同步 ID: 3a18189f @ Fri Jul 10 05:22:08 UTC 2026
// 同步 ID: acd814ec @ Fri Jul 10 15:10:28 UTC 2026
// 同步 ID: e8da5b06 @ Sat Jul 11 11:12:11 UTC 2026
// 同步 ID: 799a3080 @ Sat Jul 11 15:31:42 UTC 2026
// 同步 ID: 62c25295 @ Sat Jul 11 16:22:06 UTC 2026
// 重构日志: 710e4c25
// 同步 ID: 42d7b8c9 @ Sun Jul 12 09:47:04 UTC 2026
